Sending build context to Docker daemon  5.12 kB
Sending build context to Docker daemon 
Step 0 : FROM ubuntu:14.04
 ---> d2a0ecffe6fa
Step 1 : MAINTAINER Alex Silva <alex-silva@pluralsight.com>
 ---> Running in c39ca0e05cd7
 ---> 1d9a8702ad69
Removing intermediate container c39ca0e05cd7
Step 2 : RUN apt-get update && apt-get install -y wget bzip2 ca-certificates     libglib2.0-0 libxext6 libsm6 libxrender1
 ---> Running in 96f0cd2c900d
Ign http://archive.ubuntu.com trusty InRelease
Ign http://archive.ubuntu.com trusty-updates InRelease
Ign http://archive.ubuntu.com trusty-security InRelease
Hit http://archive.ubuntu.com trusty Release.gpg
Get:1 http://archive.ubuntu.com trusty-updates Release.gpg [933 B]
Get:2 http://archive.ubuntu.com trusty-security Release.gpg [933 B]
Hit http://archive.ubuntu.com trusty Release
Get:3 http://archive.ubuntu.com trusty-updates Release [63.5 kB]
Get:4 http://archive.ubuntu.com trusty-security Release [63.5 kB]
Get:5 http://archive.ubuntu.com trusty/main Sources [1335 kB]
Get:6 http://archive.ubuntu.com trusty/restricted Sources [5335 B]
Get:7 http://archive.ubuntu.com trusty/universe Sources [7926 kB]
Get:8 http://archive.ubuntu.com trusty/main amd64 Packages [1743 kB]
Get:9 http://archive.ubuntu.com trusty/restricted amd64 Packages [16.0 kB]
Get:10 http://archive.ubuntu.com trusty/universe amd64 Packages [7589 kB]
Get:11 http://archive.ubuntu.com trusty-updates/main Sources [271 kB]
Get:12 http://archive.ubuntu.com trusty-updates/restricted Sources [3158 B]
Get:13 http://archive.ubuntu.com trusty-updates/universe Sources [157 kB]
Get:14 http://archive.ubuntu.com trusty-updates/main amd64 Packages [722 kB]
Get:15 http://archive.ubuntu.com trusty-updates/restricted amd64 Packages [18.1 kB]
Get:16 http://archive.ubuntu.com trusty-updates/universe amd64 Packages [387 kB]
Get:17 http://archive.ubuntu.com trusty-security/main Sources [110 kB]
Get:18 http://archive.ubuntu.com trusty-security/restricted Sources [1874 B]
Get:19 http://archive.ubuntu.com trusty-security/universe Sources [32.0 kB]
Get:20 http://archive.ubuntu.com trusty-security/main amd64 Packages [388 kB]
Get:21 http://archive.ubuntu.com trusty-security/restricted amd64 Packages [14.8 kB]
Get:22 http://archive.ubuntu.com trusty-security/universe amd64 Packages [143 kB]
Fetched 21.0 MB in 16s (1240 kB/s)
Reading package lists...
Reading package lists...
Building dependency tree...
Reading state information...
bzip2 is already the newest version.
The following extra packages will be installed:
  libglib2.0-data libice6 libidn11 libx11-6 libx11-data libxau6 libxcb1
  libxdmcp6 libxml2 openssl sgml-base shared-mime-info x11-common xml-core
Suggested packages:
  sgml-base-doc debhelper
The following NEW packages will be installed:
  ca-certificates libglib2.0-0 libglib2.0-data libice6 libidn11 libsm6
  libx11-6 libx11-data libxau6 libxcb1 libxdmcp6 libxext6 libxml2 libxrender1
  openssl sgml-base shared-mime-info wget x11-common xml-core
0 upgraded, 20 newly installed, 0 to remove and 1 not upgraded.
Need to get 4128 kB of archives.
After this operation, 17.7 MB of additional disk space will be used.
Get:1 http://archive.ubuntu.com/ubuntu/ trusty-updates/main libglib2.0-0 amd64 2.40.2-0ubuntu1 [1058 kB]
Get:2 http://archive.ubuntu.com/ubuntu/ trusty/main libidn11 amd64 1.28-1ubuntu2 [93.0 kB]
Get:3 http://archive.ubuntu.com/ubuntu/ trusty/main libxau6 amd64 1:1.0.8-1 [8376 B]
Get:4 http://archive.ubuntu.com/ubuntu/ trusty/main libxdmcp6 amd64 1:1.1.1-1 [12.8 kB]
Get:5 http://archive.ubuntu.com/ubuntu/ trusty/main libxcb1 amd64 1.10-2ubuntu1 [38.0 kB]
Get:6 http://archive.ubuntu.com/ubuntu/ trusty/main libx11-data all 2:1.6.2-1ubuntu2 [111 kB]
Get:7 http://archive.ubuntu.com/ubuntu/ trusty/main libx11-6 amd64 2:1.6.2-1ubuntu2 [560 kB]
Get:8 http://archive.ubuntu.com/ubuntu/ trusty-updates/main libxext6 amd64 2:1.3.2-1ubuntu0.0.14.04.1 [28.8 kB]
Get:9 http://archive.ubuntu.com/ubuntu/ trusty-updates/main libxml2 amd64 2.9.1+dfsg1-3ubuntu4.4 [570 kB]
Get:10 http://archive.ubuntu.com/ubuntu/ trusty/main sgml-base all 1.26+nmu4ubuntu1 [12.5 kB]
Get:11 http://archive.ubuntu.com/ubuntu/ trusty-updates/main x11-common all 1:7.7+1ubuntu8.1 [49.5 kB]
Get:12 http://archive.ubuntu.com/ubuntu/ trusty/main libice6 amd64 2:1.0.8-2 [47.0 kB]
Get:13 http://archive.ubuntu.com/ubuntu/ trusty/main libsm6 amd64 2:1.2.1-2 [18.1 kB]
Get:14 http://archive.ubuntu.com/ubuntu/ trusty-updates/main libxrender1 amd64 1:0.9.8-1build0.14.04.1 [17.9 kB]
Get:15 http://archive.ubuntu.com/ubuntu/ trusty-updates/main openssl amd64 1.0.1f-1ubuntu2.15 [489 kB]
Get:16 http://archive.ubuntu.com/ubuntu/ trusty-updates/main ca-certificates all 20141019ubuntu0.14.04.1 [189 kB]
Get:17 http://archive.ubuntu.com/ubuntu/ trusty-updates/main libglib2.0-data all 2.40.2-0ubuntu1 [116 kB]
Get:18 http://archive.ubuntu.com/ubuntu/ trusty/main shared-mime-info amd64 1.2-0ubuntu3 [415 kB]
Get:19 http://archive.ubuntu.com/ubuntu/ trusty-updates/main wget amd64 1.15-1ubuntu1.14.04.1 [269 kB]
Get:20 http://archive.ubuntu.com/ubuntu/ trusty/main xml-core all 0.13+nmu2 [23.3 kB]
[91mdebconf: unable to initialize frontend: Dialog
debconf: (TERM is not set, so the dialog frontend is not usable.)
debconf: falling back to frontend: Readline
[0m[91mdebconf: unable to initialize frontend: Readline
debconf: (This frontend requires a controlling tty.)
debconf: falling back to frontend: Teletype
[0m[91mdpkg-preconfigure: unable to re-open stdin: 
[0mFetched 4128 kB in 4s (890 kB/s)
Selecting previously unselected package libglib2.0-0:amd64.
(Reading database ... 11541 files and directories currently installed.)
Preparing to unpack .../libglib2.0-0_2.40.2-0ubuntu1_amd64.deb ...
Unpacking libglib2.0-0:amd64 (2.40.2-0ubuntu1) ...
Selecting previously unselected package libidn11:amd64.
Preparing to unpack .../libidn11_1.28-1ubuntu2_amd64.deb ...
Unpacking libidn11:amd64 (1.28-1ubuntu2) ...
Selecting previously unselected package libxau6:amd64.
Preparing to unpack .../libxau6_1%3a1.0.8-1_amd64.deb ...
Unpacking libxau6:amd64 (1:1.0.8-1) ...
Selecting previously unselected package libxdmcp6:amd64.
Preparing to unpack .../libxdmcp6_1%3a1.1.1-1_amd64.deb ...
Unpacking libxdmcp6:amd64 (1:1.1.1-1) ...
Selecting previously unselected package libxcb1:amd64.
Preparing to unpack .../libxcb1_1.10-2ubuntu1_amd64.deb ...
Unpacking libxcb1:amd64 (1.10-2ubuntu1) ...
Selecting previously unselected package libx11-data.
Preparing to unpack .../libx11-data_2%3a1.6.2-1ubuntu2_all.deb ...
Unpacking libx11-data (2:1.6.2-1ubuntu2) ...
Selecting previously unselected package libx11-6:amd64.
Preparing to unpack .../libx11-6_2%3a1.6.2-1ubuntu2_amd64.deb ...
Unpacking libx11-6:amd64 (2:1.6.2-1ubuntu2) ...
Selecting previously unselected package libxext6:amd64.
Preparing to unpack .../libxext6_2%3a1.3.2-1ubuntu0.0.14.04.1_amd64.deb ...
Unpacking libxext6:amd64 (2:1.3.2-1ubuntu0.0.14.04.1) ...
Selecting previously unselected package libxml2:amd64.
Preparing to unpack .../libxml2_2.9.1+dfsg1-3ubuntu4.4_amd64.deb ...
Unpacking libxml2:amd64 (2.9.1+dfsg1-3ubuntu4.4) ...
Selecting previously unselected package sgml-base.
Preparing to unpack .../sgml-base_1.26+nmu4ubuntu1_all.deb ...
Unpacking sgml-base (1.26+nmu4ubuntu1) ...
Selecting previously unselected package x11-common.
Preparing to unpack .../x11-common_1%3a7.7+1ubuntu8.1_all.deb ...
[91mdebconf: unable to initialize frontend: Dialog
debconf: (TERM is not set, so the dialog frontend is not usable.)
debconf: falling back to frontend: Readline
[0m[91mdebconf: unable to initialize frontend: Readline
debconf: (This frontend requires a controlling tty.)
debconf: falling back to frontend: Teletype
[0mUnpacking x11-common (1:7.7+1ubuntu8.1) ...
Selecting previously unselected package libice6:amd64.
Preparing to unpack .../libice6_2%3a1.0.8-2_amd64.deb ...
Unpacking libice6:amd64 (2:1.0.8-2) ...
Selecting previously unselected package libsm6:amd64.
Preparing to unpack .../libsm6_2%3a1.2.1-2_amd64.deb ...
Unpacking libsm6:amd64 (2:1.2.1-2) ...
Selecting previously unselected package libxrender1:amd64.
Preparing to unpack .../libxrender1_1%3a0.9.8-1build0.14.04.1_amd64.deb ...
Unpacking libxrender1:amd64 (1:0.9.8-1build0.14.04.1) ...
Selecting previously unselected package openssl.
Preparing to unpack .../openssl_1.0.1f-1ubuntu2.15_amd64.deb ...
Unpacking openssl (1.0.1f-1ubuntu2.15) ...
Selecting previously unselected package ca-certificates.
Preparing to unpack .../ca-certificates_20141019ubuntu0.14.04.1_all.deb ...
Unpacking ca-certificates (20141019ubuntu0.14.04.1) ...
Selecting previously unselected package libglib2.0-data.
Preparing to unpack .../libglib2.0-data_2.40.2-0ubuntu1_all.deb ...
Unpacking libglib2.0-data (2.40.2-0ubuntu1) ...
Selecting previously unselected package shared-mime-info.
Preparing to unpack .../shared-mime-info_1.2-0ubuntu3_amd64.deb ...
Unpacking shared-mime-info (1.2-0ubuntu3) ...
Selecting previously unselected package wget.
Preparing to unpack .../wget_1.15-1ubuntu1.14.04.1_amd64.deb ...
Unpacking wget (1.15-1ubuntu1.14.04.1) ...
Selecting previously unselected package xml-core.
Preparing to unpack .../xml-core_0.13+nmu2_all.deb ...
Unpacking xml-core (0.13+nmu2) ...
Processing triggers for ureadahead (0.100.0-16) ...
Setting up libglib2.0-0:amd64 (2.40.2-0ubuntu1) ...
No schema files found: doing nothing.
Setting up libidn11:amd64 (1.28-1ubuntu2) ...
Setting up libxau6:amd64 (1:1.0.8-1) ...
Setting up libxdmcp6:amd64 (1:1.1.1-1) ...
Setting up libxcb1:amd64 (1.10-2ubuntu1) ...
Setting up libx11-data (2:1.6.2-1ubuntu2) ...
Setting up libx11-6:amd64 (2:1.6.2-1ubuntu2) ...
Setting up libxext6:amd64 (2:1.3.2-1ubuntu0.0.14.04.1) ...
Setting up libxml2:amd64 (2.9.1+dfsg1-3ubuntu4.4) ...
Setting up sgml-base (1.26+nmu4ubuntu1) ...
Setting up x11-common (1:7.7+1ubuntu8.1) ...
[91mdebconf: unable to initialize frontend: Dialog
debconf: (TERM is not set, so the dialog frontend is not usable.)
debconf: falling back to frontend: Readline
[0m[91mdebconf: unable to initialize frontend: Readline
debconf: (This frontend requires a controlling tty.)
debconf: falling back to frontend: Teletype
[0m[91minvoke-rc.d: policy-rc.d denied execution of start.
[0mSetting up libxrender1:amd64 (1:0.9.8-1build0.14.04.1) ...
Setting up openssl (1.0.1f-1ubuntu2.15) ...
Setting up ca-certificates (20141019ubuntu0.14.04.1) ...
[91mdebconf: unable to initialize frontend: Dialog
debconf: (TERM is not set, so the dialog frontend is not usable.)
debconf: falling back to frontend: Readline
[0m[91mdebconf: unable to initialize frontend: Readline
debconf: (This frontend requires a controlling tty.)
debconf: falling back to frontend: Teletype
[0mSetting up libglib2.0-data (2.40.2-0ubuntu1) ...
Setting up shared-mime-info (1.2-0ubuntu3) ...
Setting up wget (1.15-1ubuntu1.14.04.1) ...
Setting up xml-core (0.13+nmu2) ...
Processing triggers for ureadahead (0.100.0-16) ...
Setting up libice6:amd64 (2:1.0.8-2) ...
Setting up libsm6:amd64 (2:1.2.1-2) ...
Processing triggers for libc-bin (2.19-0ubuntu6.6) ...
Processing triggers for ca-certificates (20141019ubuntu0.14.04.1) ...
Updating certificates in /etc/ssl/certs... 173 added, 0 removed; done.
Running hooks in /etc/ca-certificates/update.d....done.
Processing triggers for sgml-base (1.26+nmu4ubuntu1) ...
 ---> c382cd4192d8
Removing intermediate container 96f0cd2c900d
Step 3 : RUN echo 'export PATH=/opt/conda/bin:$PATH' > /etc/profile.d/conda.sh &&     wget --quiet https://repo.continuum.io/archive/Anaconda-2.3.0-Linux-x86_64.sh &&     /bin/bash /Anaconda-2.3.0-Linux-x86_64.sh -b -p /opt/conda &&     rm /Anaconda-2.3.0-Linux-x86_64.sh &&     /opt/conda/bin/conda install --yes conda==3.14.1
 ---> Running in d2e55b19551b
